<?xml version="1.0" encoding="UTF-8"?>
<!-- Generated by org.testng.reporters.JUnitReportReporter -->
<testsuite skipped="0" hostname="DESKTOP-19NCAKV" name="com.testRunners.TestRunner" tests="4" failures="0" timestamp="2022-08-10T18:32:43 IST" time="40.688" errors="0">
  <testcase name="runScenario" time="8.888" classname="com.testRunners.TestRunner"/>
  <system-out/>
  <testcase name="runScenario" time="12.618" classname="com.testRunners.TestRunner"/>
  <system-out/>
  <testcase name="runScenario" time="10.154" classname="com.testRunners.TestRunner"/>
  <system-out/>
  <testcase name="runScenario" time="9.028" classname="com.testRunners.TestRunner"/>
  <system-out/>
</testsuite> <!-- com.testRunners.TestRunner -->
