<?xml version="1.0" encoding="UTF-8"?>
<!-- Generated by org.testng.reporters.JUnitReportReporter -->
<testsuite skipped="0" hostname="DESKTOP-19NCAKV" name="com.Tests.AddressTypeFunctionality_TC_01" tests="1" failures="0" timestamp="2022-08-18T15:15:05 IST" time="28.071" errors="0">
  <testcase name="dashboardTest" time="28.071" classname="com.Tests.AddressTypeFunctionality_TC_01"/>
  <system-out/>
</testsuite> <!-- com.Tests.AddressTypeFunctionality_TC_01 -->
