<?xml version="1.0" encoding="UTF-8"?>
<!-- Generated by org.testng.reporters.JUnitReportReporter -->
<testsuite skipped="0" hostname="DESKTOP-19NCAKV" name="com.testRunners.TestRunner" tests="4" failures="0" timestamp="2022-07-12T15:49:58 IST" time="47.074" errors="0">
  <testcase name="runScenario" time="10.840" classname="com.testRunners.TestRunner"/>
  <system-out/>
  <testcase name="runScenario" time="10.518" classname="com.testRunners.TestRunner"/>
  <system-out/>
  <testcase name="runScenario" time="14.419" classname="com.testRunners.TestRunner"/>
  <system-out/>
  <testcase name="runScenario" time="11.297" classname="com.testRunners.TestRunner"/>
  <system-out/>
</testsuite> <!-- com.testRunners.TestRunner -->
