<?xml version="1.0" encoding="UTF-8"?>
<!-- Generated by org.testng.reporters.JUnitReportReporter -->
<testsuite skipped="0" hostname="DESKTOP-19NCAKV" name="com.Tests.Example" tests="1" failures="0" timestamp="2022-06-14T18:10:23 IST" time="15.172" errors="0">
  <testcase name="test" time="15.172" classname="com.Tests.Example"/>
  <system-out/>
</testsuite> <!-- com.Tests.Example -->
