<?xml version="1.0" encoding="UTF-8"?>
<!-- Generated by org.testng.reporters.JUnitReportReporter -->
<testsuite skipped="0" hostname="DESKTOP-19NCAKV" name="com.Tests.UsersFunctionality_TC_02" tests="1" failures="0" timestamp="2022-06-23T17:12:34 IST" time="19.639" errors="0">
  <testcase name="addProvider" time="19.639" classname="com.Tests.UsersFunctionality_TC_02"/>
  <system-out/>
</testsuite> <!-- com.Tests.UsersFunctionality_TC_02 -->
