<?xml version="1.0" encoding="UTF-8"?>
<!-- Generated by org.testng.reporters.JUnitReportReporter -->
<testsuite skipped="0" hostname="DESKTOP-19NCAKV" name="com.Tests.UsersFunctionality_TC_01" tests="1" failures="0" timestamp="2022-06-18T00:21:35 IST" time="4.110" errors="0">
  <testcase name="viewPageofUsers" time="4.110" classname="com.Tests.UsersFunctionality_TC_01"/>
  <system-out/>
</testsuite> <!-- com.Tests.UsersFunctionality_TC_01 -->
