<?xml version="1.0" encoding="UTF-8"?>
<!-- Generated by org.testng.reporters.JUnitReportReporter -->
<testsuite skipped="0" hostname="DESKTOP-19NCAKV" name="com.Tests.AddressTypeFunctionality_TC_02" tests="1" failures="0" timestamp="2022-07-28T16:02:13 IST" time="4.180" errors="0">
  <testcase name="addressTypeTest" time="4.180" classname="com.Tests.AddressTypeFunctionality_TC_02"/>
  <system-out/>
</testsuite> <!-- com.Tests.AddressTypeFunctionality_TC_02 -->
