<?xml version="1.0" encoding="UTF-8"?>
<!-- Generated by org.testng.reporters.JUnitReportReporter -->
<testsuite skipped="0" hostname="DESKTOP-19NCAKV" name="com.Tests.LoginTest" tests="1" failures="0" timestamp="2022-06-04T15:21:47 IST" time="7.294" errors="0">
  <testcase name="loginTest" time="7.294" classname="com.Tests.LoginTest"/>
  <system-out/>
</testsuite> <!-- com.Tests.LoginTest -->
