<?xml version="1.0" encoding="UTF-8"?>
<!-- Generated by org.testng.reporters.JUnitReportReporter -->
<testsuite skipped="0" hostname="DESKTOP-19NCAKV" name="com.Tests.AddressTypeFunctionality_TC_02" tests="1" failures="0" timestamp="2022-08-18T15:15:05 IST" time="9.810" errors="0">
  <testcase name="addressTypeTest" time="9.810" classname="com.Tests.AddressTypeFunctionality_TC_02"/>
  <system-out/>
</testsuite> <!-- com.Tests.AddressTypeFunctionality_TC_02 -->
