<?xml version="1.0" encoding="UTF-8"?>
<!-- Generated by org.testng.reporters.JUnitReportReporter -->
<testsuite skipped="0" hostname="DESKTOP-19NCAKV" name="com.Tests.AddressTypeFunctionality_TC_03" tests="1" failures="0" timestamp="2022-06-07T21:21:29 IST" time="3.123" errors="0">
  <testcase name="addFunctionalityTest" time="3.123" classname="com.Tests.AddressTypeFunctionality_TC_03"/>
  <system-out/>
</testsuite> <!-- com.Tests.AddressTypeFunctionality_TC_03 -->
