<?xml version="1.0" encoding="UTF-8"?>
<!-- Generated by org.testng.reporters.JUnitReportReporter -->
<testsuite skipped="0" hostname="DESKTOP-19NCAKV" name="com.Tests.AddressTypeFunctionality_TC_01" tests="1" failures="0" timestamp="2022-07-08T17:59:01 IST" time="17.347" errors="0">
  <testcase name="dashboardTest" time="17.347" classname="com.Tests.AddressTypeFunctionality_TC_01"/>
  <system-out/>
</testsuite> <!-- com.Tests.AddressTypeFunctionality_TC_01 -->
